2026-01-17 18:18:04,208 | INFO | Bot started. contacts=0
2026-01-17 18:18:24,121 | INFO | Contacts saved. contacts=1
2026-01-17 18:18:42,460 | INFO | Contacts saved. contacts=2
2026-01-17 18:18:53,248 | INFO | Contacts saved. contacts=3
2026-01-17 18:19:04,011 | INFO | Contacts saved. contacts=4
2026-01-17 18:19:46,502 | INFO | Bot exited normally.
2026-01-17 18:19:48,792 | INFO | Bot started. contacts=4
2026-01-17 18:22:41,461 | INFO | Bot started. contacts=4
2026-01-17 18:24:18,931 | INFO | Bot exited normally.
2026-01-17 18:30:09,682 | INFO | Bot started. contacts=4
2026-01-17 18:30:28,005 | INFO | Bot exited normally.
2026-01-17 18:38:53 | INFO | Bot started
2026-01-17 18:39:02 | INFO | Command: help | Args: []
2026-01-17 18:39:10 | INFO | Command: add | Args: ['Bill', '47385746573']
2026-01-17 18:39:10 | INFO | Contact added: Bill
2026-01-17 18:39:12 | INFO | Command: all | Args: []
2026-01-17 18:39:59 | INFO | Bot started
2026-01-17 18:40:05 | INFO | Bot started
2026-01-17 18:40:09 | INFO | Command: rgerhg | Args: []
2026-01-17 18:40:09 | WARNING | Invalid command: rgerhg
2026-01-17 18:40:10 | INFO | Command: erg | Args: []
2026-01-17 18:40:10 | WARNING | Invalid command: erg
2026-01-17 18:40:11 | INFO | Command: erger | Args: []
2026-01-17 18:40:11 | WARNING | Invalid command: erger
2026-01-17 18:40:12 | INFO | Command: ergerg | Args: []
2026-01-17 18:40:12 | WARNING | Invalid command: ergerg
2026-01-17 18:40:12 | INFO | Command: egeger | Args: []
2026-01-17 18:40:12 | WARNING | Invalid command: egeger
2026-01-17 18:40:13 | INFO | Command: ergerger | Args: []
2026-01-17 18:40:13 | WARNING | Invalid command: ergerger
2026-01-17 18:40:14 | INFO | Command: ergergerger | Args: []
2026-01-17 18:40:14 | WARNING | Invalid command: ergergerger
2026-01-17 18:40:15 | INFO | Command: egergerger | Args: []
2026-01-17 18:40:15 | WARNING | Invalid command: egergerger
2026-01-17 18:40:16 | INFO | Command: ergergerg | Args: []
2026-01-17 18:40:16 | WARNING | Invalid command: ergergerg
2026-01-17 18:40:17 | INFO | Command: ergerger | Args: []
2026-01-17 18:40:17 | WARNING | Invalid command: ergerger
2026-01-17 18:40:17 | INFO | Command: ergergerg | Args: []
2026-01-17 18:40:17 | WARNING | Invalid command: ergergerg
2026-01-17 18:40:18 | INFO | Command: ergergerg | Args: []
2026-01-17 18:40:18 | WARNING | Invalid command: ergergerg
2026-01-17 18:40:19 | INFO | Command: ergergergdb | Args: []
2026-01-17 18:40:19 | WARNING | Invalid command: ergergergdb
2026-01-17 18:40:20 | INFO | Command: dfbdfhdfh | Args: []
2026-01-17 18:40:20 | WARNING | Invalid command: dfbdfhdfh
2026-01-17 18:40:21 | INFO | Command: erherherthr | Args: []
2026-01-17 18:40:21 | WARNING | Invalid command: erherherthr
2026-01-17 18:40:22 | INFO | Command: dhergherg | Args: []
2026-01-17 18:40:22 | WARNING | Invalid command: dhergherg
2026-01-17 18:40:23 | INFO | Command: erghdfgdfherdg | Args: []
2026-01-17 18:40:23 | WARNING | Invalid command: erghdfgdfherdg
2026-01-17 18:40:24 | INFO | Command: dfherhgerhdfh | Args: []
2026-01-17 18:40:24 | WARNING | Invalid command: dfherhgerhdfh
2026-01-17 18:40:25 | INFO | Command: ergherhdgfb | Args: []
2026-01-17 18:40:25 | WARNING | Invalid command: ergherhdgfb
2026-01-17 18:56:18,885 | INFO | Bot started
2026-01-17 18:56:18,886 | INFO | Welcome message shown
2026-01-17 18:56:22,562 | INFO | Command: help | args=[]
2026-01-17 18:56:28,231 | WARNING | Invalid command: swdefwesf
2026-01-17 18:56:29,069 | WARNING | Invalid command: asfdaef
2026-01-17 18:56:29,968 | WARNING | Invalid command: advasdfaw
2026-01-17 18:56:30,758 | WARNING | Invalid command: asdvfawsefaw
2026-01-17 18:56:31,649 | WARNING | Invalid command: advfaedfvaew
2026-01-17 18:56:32,687 | WARNING | Invalid command: awevfawefawef
2026-01-17 18:56:34,054 | WARNING | Invalid command: asfawevfaervgawevf
2026-01-17 18:56:35,404 | WARNING | Invalid command: awfeawefawefwaqefa
2026-01-17 18:56:44,818 | INFO | Command: add | args=['Jill', '75648395637']
2026-01-17 18:56:44,821 | INFO | Contacts saved to JSON (atomic)
2026-01-17 18:56:46,653 | INFO | Command: all | args=[]
2026-01-17 18:57:08,468 | INFO | Command: remove | args=['Jill']
2026-01-17 18:57:10,295 | INFO | Contacts saved to JSON (atomic)
2026-01-17 18:57:16,823 | INFO | Command: all | args=[]
2026-01-17 18:57:31,187 | INFO | Command: remove | args=['Jill']
2026-01-17 18:57:33,775 | INFO | Contacts saved to JSON (atomic)
2026-01-17 18:57:35,692 | INFO | Command: all | args=[]
2026-01-17 18:57:47,150 | INFO | Command: stats | args=[]
2026-01-17 19:08:09,696 | INFO | Bot started
2026-01-17 19:08:09,696 | INFO | Welcome message shown
2026-01-17 19:08:15,877 | WARNING | Invalid command: фдд
2026-01-17 19:08:19,941 | INFO | Command: help | args=[]
2026-01-17 19:08:23,025 | INFO | Command: all | args=[]
2026-01-17 19:08:34,910 | INFO | Command: all | args=[]
2026-01-17 19:08:45,308 | INFO | Command: add | args=['Bill', '657483746593']
2026-01-17 19:08:45,311 | INFO | Contacts saved to JSON (atomic)
2026-01-17 19:08:54,228 | INFO | Command: all | args=[]
2026-01-17 19:09:05,767 | INFO | Command: all | args=[]
2026-01-17 19:09:14,857 | INFO | Command: all | args=['addreses']
2026-01-17 19:09:16,805 | INFO | Command: all | args=[]
2026-01-17 19:09:18,182 | INFO | Command: all | args=[]
2026-01-17 19:09:30,651 | INFO | Command: change | args=['Bill', '65749375648']
2026-01-17 19:09:30,654 | INFO | Contacts saved to JSON (atomic)
2026-01-17 19:09:43,775 | INFO | Command: phone | args=['Bill']
2026-01-17 19:32:25,745 | INFO | Bot started
2026-01-17 19:32:25,745 | INFO | Welcome message shown
2026-01-17 19:32:32,724 | INFO | Command: hello | args=[]
2026-01-17 19:32:35,291 | INFO | Command: all | args=[]
2026-01-17 19:33:00,881 | INFO | Command: add | args=['Masha', '75648394756']
2026-01-17 19:33:00,885 | INFO | Contacts saved to JSON (atomic)
2026-01-17 19:33:09,418 | INFO | Command: change | args=['Masha', '857826594723']
2026-01-17 19:33:09,420 | INFO | Contacts saved to JSON (atomic)
2026-01-17 19:33:14,403 | INFO | Command: all | args=[]
2026-01-17 19:33:24,928 | INFO | Command: help | args=[]
2026-01-17 19:33:34,014 | INFO | Command: remove | args=['Masha']
2026-01-17 19:33:36,703 | INFO | Contacts saved to JSON (atomic)
2026-01-17 19:33:39,172 | INFO | Command: all | args=[]
2026-01-17 19:33:49,731 | INFO | Command: remove | args=['Andrew']
2026-01-17 19:33:52,090 | INFO | Contacts saved to JSON (atomic)
2026-01-17 19:34:00,459 | INFO | Command: remove | args=['Billy']
2026-01-17 19:34:03,540 | INFO | Contacts saved to JSON (atomic)
2026-01-17 19:34:11,417 | INFO | Command: remove | args=['Bony']
2026-01-17 19:34:13,378 | INFO | Contacts saved to JSON (atomic)
2026-01-17 19:34:19,221 | INFO | Command: remove | args=['John']
2026-01-17 19:34:20,831 | INFO | Contacts saved to JSON (atomic)
2026-01-17 19:34:30,364 | INFO | Command: add | args=['John', '4729574837']
2026-01-17 19:34:30,367 | INFO | Contacts saved to JSON (atomic)
2026-01-17 19:34:33,279 | INFO | Command: all | args=[]
2026-01-17 19:34:43,941 | INFO | Bot exited by user command
2026-01-17 19:34:43,941 | INFO | Bot finished
2026-01-17 19:56:12,558 | INFO | Bot started
2026-01-17 19:56:12,559 | INFO | Welcome message shown
2026-01-17 19:56:23,130 | INFO | Bot exited by user command
2026-01-17 19:56:23,131 | INFO | Bot finished
2026-01-17 19:56:25,954 | INFO | Bot started
2026-01-17 19:56:25,955 | INFO | Welcome message shown
2026-01-17 19:56:31,875 | INFO | Command: hello | args=[]
2026-01-17 19:56:40,789 | INFO | Command: add | args=['Max', '7584736456']
2026-01-17 19:56:40,793 | INFO | Contacts saved to JSON (atomic)
2026-01-17 19:56:43,998 | INFO | Command: all | args=[]
2026-01-17 19:56:47,319 | INFO | Command: all | args=[]
2026-01-17 19:56:49,995 | INFO | Command: all | args=[]
2026-01-17 20:10:04,536 | INFO | Bot started
2026-01-17 20:10:04,536 | INFO | Welcome message shown
2026-01-17 20:10:13,574 | INFO | Command: hello | args=[]
2026-01-17 20:10:14,893 | INFO | Command: all | args=[]
2026-01-17 20:10:23,881 | INFO | Command: add | args=['Bill', '85746395748']
2026-01-17 20:10:23,884 | INFO | Contacts saved to JSON (atomic)
2026-01-17 20:10:34,248 | INFO | Command: add | args=['Max', '47592758395673']
2026-01-17 20:10:34,250 | INFO | Contacts saved to JSON (atomic)
2026-01-17 20:10:42,180 | INFO | Command: add | args=['John', '984057393759347']
2026-01-17 20:10:42,182 | INFO | Contacts saved to JSON (atomic)
2026-01-17 20:10:44,817 | INFO | Command: all | args=[]
2026-01-17 22:38:25,527 | INFO | Bot started
2026-01-17 22:38:25,527 | INFO | Welcome message shown
2026-01-17 22:38:51,032 | INFO | Command: help | args=[]
2026-01-17 22:39:02,463 | INFO | Command: all | args=[]
2026-01-17 22:39:21,866 | INFO | Command: add | args=['Max', '6475835275']
2026-01-17 22:39:21,871 | INFO | Contacts saved to JSON (atomic)
2026-01-17 22:39:24,519 | INFO | Command: all | args=[]
2026-01-17 22:39:44,268 | INFO | Command: add | args=['Max', '6574536574']
2026-01-17 22:39:44,271 | INFO | Contacts saved to JSON (atomic)
2026-01-17 22:40:17,443 | INFO | Command: add | args=['John', '6475835275']
2026-01-17 22:40:17,447 | INFO | Contacts saved to JSON (atomic)
2026-01-17 22:40:39,437 | INFO | Command: rename | args=['Max', 'Bob']
2026-01-17 22:40:39,440 | INFO | Contacts saved to JSON (atomic)
2026-01-17 22:40:41,730 | INFO | Command: all | args=[]
2026-01-17 22:40:46,109 | INFO | Command: help | args=[]
2026-01-17 22:41:04,885 | INFO | Command: change | args=['Bob', '6464646464']
2026-01-17 22:41:04,889 | INFO | Contacts saved to JSON (atomic)
2026-01-17 22:41:07,601 | INFO | Command: all | args=[]
2026-01-17 22:41:21,586 | INFO | Command: phone | args=['Bob']
2026-01-17 22:41:30,813 | INFO | Command: stats | args=[]
2026-01-17 22:41:48,138 | INFO | Command: add | args=['Boby', '6473857465']
2026-01-17 22:41:48,141 | INFO | Contacts saved to JSON (atomic)
2026-01-17 22:41:57,472 | INFO | Command: add | args=['July', '64528564724']
2026-01-17 22:41:57,475 | INFO | Contacts saved to JSON (atomic)
2026-01-17 22:42:02,613 | INFO | Command: all | args=[]
2026-01-17 22:42:18,332 | INFO | Bot exited by user command
2026-01-17 22:42:18,333 | INFO | Bot finished
2026-01-17 22:42:53,649 | INFO | Bot started
2026-01-17 22:42:53,650 | INFO | Welcome message shown
2026-01-17 22:42:56,958 | INFO | Command: all | args=[]
2026-01-17 22:42:59,882 | INFO | Command: all | args=[]
2026-01-17 22:43:01,124 | INFO | Command: all | args=[]
2026-01-17 22:43:08,006 | INFO | Command: all | args=[]
2026-01-17 22:43:09,273 | INFO | Command: all | args=[]
2026-01-17 22:43:27,179 | WARNING | Invalid command: whrthsdfh
2026-01-17 22:43:28,050 | WARNING | Invalid command: hwrthsrth
2026-01-17 22:43:28,819 | WARNING | Invalid command: wrthrsthj
2026-01-17 22:43:29,584 | WARNING | Invalid command: wrthjeyrtjet
2026-01-17 22:43:30,448 | WARNING | Invalid command: ertyjhertyjer
2026-01-17 22:43:31,448 | WARNING | Invalid command: srthwerthwerthg
2026-01-17 22:43:32,219 | WARNING | Invalid command: uyrktyuky
2026-01-17 22:43:32,824 | WARNING | Invalid command: jertbsdfb
2026-01-17 22:43:33,001 | WARNING | Invalid command: wer
2026-01-17 22:43:33,193 | WARNING | Invalid command: ghert
2026-01-17 22:43:33,366 | WARNING | Invalid command: h
2026-01-17 22:43:33,556 | WARNING | Invalid command: erth
2026-01-17 22:43:33,706 | WARNING | Invalid command: er
2026-01-17 22:43:33,881 | WARNING | Invalid command: h
2026-01-17 22:43:34,050 | WARNING | Invalid command: ertj
2026-01-17 22:43:34,208 | WARNING | Invalid command: etyr
2026-01-17 22:43:34,392 | WARNING | Invalid command: jher
2026-01-17 22:43:34,588 | WARNING | Invalid command: whg
2026-01-17 22:43:34,748 | WARNING | Invalid command: erth
2026-01-17 22:43:34,938 | WARNING | Invalid command: rte
2026-01-17 22:43:35,114 | WARNING | Invalid command: yh
2026-01-17 22:43:35,311 | WARNING | Invalid command: ert
2026-01-17 22:43:35,512 | WARNING | Invalid command: hert
2026-01-17 22:43:35,694 | WARNING | Invalid command: h
2026-01-17 22:43:35,914 | WARNING | Invalid command: erth
2026-01-17 22:43:36,101 | WARNING | Invalid command: rs
2026-01-17 22:43:36,291 | WARNING | Invalid command: th
2026-01-17 22:43:36,493 | WARNING | Invalid command: erth
2026-01-17 22:43:36,685 | WARNING | Invalid command: bert
2026-01-17 22:43:36,872 | WARNING | Invalid command: be
2026-01-17 22:43:37,052 | WARNING | Invalid command: rb
2026-01-17 22:43:37,251 | WARNING | Invalid command: ety
2026-01-17 22:43:37,439 | WARNING | Invalid command: jte
2026-01-17 22:43:37,622 | WARNING | Invalid command: yn
2026-01-17 22:43:37,828 | WARNING | Invalid command: jye
2026-01-17 22:43:37,974 | WARNING | Invalid command: ne
2026-01-17 22:43:42,454 | INFO | Bot exited by user command
2026-01-17 22:43:42,454 | INFO | Bot finished
2026-01-18 11:41:12,729 | INFO | Bot started
2026-01-18 11:41:12,730 | INFO | Welcome message shown
2026-01-18 11:41:12,921 | INFO | Bot exited by Ctrl+C / EOF
2026-01-18 11:41:12,921 | INFO | Bot finished
2026-01-18 11:41:13,126 | INFO | Bot started
2026-01-18 11:41:13,126 | INFO | Welcome message shown
2026-01-18 11:41:23,378 | INFO | Command: hello | args=[]
2026-01-18 11:41:26,381 | INFO | Command: all | args=[]
2026-01-18 11:41:32,575 | INFO | Command: help | args=[]
2026-01-18 11:41:39,101 | WARNING | Invalid command: wsefw
2026-01-18 11:41:39,797 | WARNING | Invalid command: wefwefwe
2026-01-18 11:41:40,700 | WARNING | Invalid command: wefwefw
2026-01-18 11:41:41,556 | WARNING | Invalid command: wefwefwef
2026-01-18 11:41:42,471 | WARNING | Invalid command: fwefwefwef
2026-01-18 11:41:43,160 | WARNING | Invalid command: wefwefwe
2026-01-18 11:41:46,361 | INFO | Command: help | args=[]
2026-01-18 11:41:50,884 | INFO | Command: stats | args=[]
2026-01-18 11:42:00,641 | INFO | Command: help | args=[]
2026-01-18 11:44:07,898 | INFO | Command: hello | args=[]
2026-01-18 11:44:09,591 | INFO | Command: hello | args=[]
2026-01-18 11:44:12,458 | INFO | Command: hello | args=[]
2026-01-18 11:44:16,390 | INFO | Command: hello | args=[]
2026-01-18 11:44:18,695 | INFO | Command: hello | args=[]
2026-01-18 11:44:20,469 | INFO | Command: hello | args=[]
2026-01-18 11:44:22,269 | INFO | Command: hello | args=[]
2026-01-18 11:44:57,996 | INFO | Bot exited by user command
2026-01-18 11:44:57,998 | INFO | Bot finished
2026-01-18 11:45:13,170 | INFO | Bot started
2026-01-18 11:45:13,170 | INFO | Welcome message shown
2026-01-18 11:45:53,317 | INFO | Command: all | args=[]
2026-01-18 11:46:10,265 | INFO | Command: add | args=['John', '47295637485']
2026-01-18 11:46:10,269 | INFO | Contacts saved to JSON (atomic)
2026-01-18 11:46:12,770 | INFO | Command: all | args=[]
2026-01-18 11:46:17,271 | INFO | Command: help | args=[]
2026-01-18 11:46:32,469 | INFO | Command: change | args=['John', '7584657493']
2026-01-18 11:46:32,471 | INFO | Contacts saved to JSON (atomic)
2026-01-18 11:46:35,556 | INFO | Command: all | args=[]
2026-01-18 11:46:42,501 | INFO | Command: phone | args=['John']
2026-01-18 11:47:19,014 | INFO | Command: rename | args=['John', '4756385634723']
2026-01-18 11:47:19,016 | INFO | Contacts saved to JSON (atomic)
2026-01-18 11:47:22,670 | INFO | Command: all | args=[]
2026-01-18 11:47:41,389 | INFO | Command: rename | args=['4756385634723', 'John']
2026-01-18 11:47:41,391 | INFO | Contacts saved to JSON (atomic)
2026-01-18 11:47:42,985 | INFO | Command: all | args=[]
2026-01-18 11:47:58,296 | INFO | Command: stats | args=[]
2026-01-18 11:48:14,419 | INFO | Command: add | args=['Max', '6464646464']
2026-01-18 11:48:14,421 | INFO | Contacts saved to JSON (atomic)
2026-01-18 11:48:27,770 | INFO | Bot exited by user command
2026-01-18 11:48:27,770 | INFO | Bot finished
2026-01-18 11:48:31,214 | INFO | Bot started
2026-01-18 11:48:31,214 | INFO | Welcome message shown
2026-01-18 11:48:38,649 | INFO | Command: all | args=[]
2026-01-18 12:57:10,545 | INFO | Bot exited by Ctrl+C / EOF
2026-01-18 12:57:10,547 | INFO | Bot finished
2026-01-18 12:57:10 | INFO | Bot started
2026-01-18 12:57:14 | INFO | Bot started
2026-01-18 12:57:20 | INFO | Bot started
2026-01-18 12:59:01 | INFO | Bot started
2026-01-18 12:59:14 | INFO | Bot started
2026-01-18 14:30:36 | INFO | Bot started
2026-01-18 14:30:36 | INFO | Welcome message shown
2026-01-18 14:30:52 | INFO | Command: help | args=[]
2026-01-18 14:31:21 | INFO | Command: all | args=[]
2026-01-18 14:31:47 | INFO | Command: setbday | args=['Bob', '2001-10-17']
2026-01-18 14:31:47 | INFO | Contacts saved to JSON (atomic)
2026-01-18 14:32:05 | INFO | Command: setbday | args=['Boby', '1983-10-09']
2026-01-18 14:32:05 | INFO | Contacts saved to JSON (atomic)
2026-01-18 14:32:24 | WARNING | Invalid command: sebday
2026-01-18 14:33:14 | INFO | Command: setbday | args=['John', '1974-04-28']
2026-01-18 14:33:14 | INFO | Contacts saved to JSON (atomic)
2026-01-18 14:33:32 | INFO | Command: setbday | args=['Charlie', '2005-11-19']
2026-01-18 14:33:32 | INFO | Contacts saved to JSON (atomic)
2026-01-18 14:33:52 | INFO | Command: setbday | args=['July', '1999-04-19']
2026-01-18 14:33:52 | INFO | Contacts saved to JSON (atomic)
2026-01-18 14:33:54 | INFO | Command: all | args=[]
2026-01-18 14:34:04 | INFO | Command: help | args=[]
2026-01-18 14:34:32 | INFO | Command: setnote | args=['John', 'Gin+Tonic']
2026-01-18 14:34:32 | INFO | Contacts saved to JSON (atomic)
2026-01-18 14:34:35 | INFO | Command: all | args=[]
2026-01-18 14:35:02 | INFO | Command: setnote | args=['Bob', 'Dog', '(no', 'cat)']
2026-01-18 14:35:02 | INFO | Contacts saved to JSON (atomic)
2026-01-18 14:35:20 | INFO | Command: setnote | args=['Bob', 'Dog(no', 'cat)']
2026-01-18 14:35:20 | INFO | Contacts saved to JSON (atomic)
2026-01-18 14:35:40 | INFO | Command: setnote | args=['Bob', 'Dog(nocats)']
2026-01-18 14:35:40 | INFO | Contacts saved to JSON (atomic)
2026-01-18 14:35:47 | INFO | Command: all | args=[]
2026-01-18 14:36:32 | INFO | Bot exited by user command
2026-01-18 14:36:32 | INFO | Bot finished
